-------------------------------------------------------------------------------
Test set: com.javacodegeeks.examples.WebApplicationTest
-------------------------------------------------------------------------------
Tests run: 1, Failures: 0, Errors: 1, Skipped: 0, Time elapsed: 3.584 s <<< FAILURE! - in com.javacodegeeks.examples.WebApplicationTest
contextLoads  Time elapsed: 0.013 s  <<< ERROR!
java.lang.IllegalStateException: Failed to load ApplicationContext
Caused by: org.springframework.beans.factory.UnsatisfiedDependencyException: Error creating bean with name 'calculatorClient' defined in file [C:\Users\riccardo.storti\eclipse-workspace-web\wsdl2java2-test\target\classes\com\javacodegeeks\examples\CalculatorClient.class]: Unsatisfied dependency expressed through constructor parameter 0; nested exception is org.springframework.beans.factory.BeanCreationException: Error creating bean with name 'webConfig': Injection of autowired dependencies failed; nested exception is java.lang.IllegalArgumentException: Could not resolve placeholder 'calculator.client.url' in value "${calculator.client.url}"
Caused by: org.springframework.beans.factory.BeanCreationException: Error creating bean with name 'webConfig': Injection of autowired dependencies failed; nested exception is java.lang.IllegalArgumentException: Could not resolve placeholder 'calculator.client.url' in value "${calculator.client.url}"
Caused by: java.lang.IllegalArgumentException: Could not resolve placeholder 'calculator.client.url' in value "${calculator.client.url}"

